<?xml version="1.0" encoding="UTF-8"?>
<!-- Generated by org.testng.reporters.JUnitReportReporter -->
<testsuite hostname="DESKTOP-EH54C0J" failures="0" tests="1" name="org.apiPack.HTTPMethods" time="1.542" errors="0" timestamp="25 Oct 2024 15:52:52 GMT" skipped="0">
  <testcase classname="org.apiPack.HTTPMethods" name="get" time="1.542"/>
</testsuite> <!-- org.apiPack.HTTPMethods -->
